<?xml version="1.0" encoding="UTF-8"?>
<testng-results ignored="0" total="7" passed="7" failed="0" skipped="0">
  <reporter-output>
  </reporter-output>
  <suite started-at="2024-11-24T11:52:55 IST" name="Default suite" finished-at="2024-11-24T11:52:56 IST" duration-ms="1217">
    <groups>
      <group name="smoke">
        <method signature="Grouping.cat()[pri:3, instance:jbK_15_Oct_2024.Grouping@1cbbffcd]" name="cat" class="jbK_15_Oct_2024.Grouping"/>
        <method signature="Grouping.display()[pri:1, instance:jbK_15_Oct_2024.Grouping@1cbbffcd]" name="display" class="jbK_15_Oct_2024.Grouping"/>
        <method signature="Grouping.dog()[pri:3, instance:jbK_15_Oct_2024.Grouping@1cbbffcd]" name="dog" class="jbK_15_Oct_2024.Grouping"/>
        <method signature="Grouping.elephent()[pri:3, instance:jbK_15_Oct_2024.Grouping@1cbbffcd]" name="elephent" class="jbK_15_Oct_2024.Grouping"/>
        <method signature="Grouping.monkey()[pri:3, instance:jbK_15_Oct_2024.Grouping@1cbbffcd]" name="monkey" class="jbK_15_Oct_2024.Grouping"/>
        <method signature="Grouping.show()[pri:2, instance:jbK_15_Oct_2024.Grouping@1cbbffcd]" name="show" class="jbK_15_Oct_2024.Grouping"/>
      </group> <!-- smoke -->
    </groups>
    <test started-at="2024-11-24T11:52:55 IST" name="Default test" finished-at="2024-11-24T11:52:56 IST" duration-ms="1217">
      <class name="jbK_15_Oct_2024.Grouping">
        <test-method signature="display()[pri:1, instance:jbK_15_Oct_2024.Grouping@1cbbffcd]" started-at="2024-11-24T11:52:55 IST" name="display" finished-at="2024-11-24T11:52:55 IST" duration-ms="127" status="PASS">
          <reporter-output>
          </reporter-output>
        </test-method> <!-- display -->
        <test-method signature="show()[pri:2, instance:jbK_15_Oct_2024.Grouping@1cbbffcd]" started-at="2024-11-24T11:52:56 IST" name="show" finished-at="2024-11-24T11:52:56 IST" duration-ms="105" status="PASS">
          <reporter-output>
          </reporter-output>
        </test-method> <!-- show -->
        <test-method signature="cat()[pri:3, instance:jbK_15_Oct_2024.Grouping@1cbbffcd]" started-at="2024-11-24T11:52:56 IST" name="cat" finished-at="2024-11-24T11:52:56 IST" duration-ms="76" status="PASS">
          <reporter-output>
          </reporter-output>
        </test-method> <!-- cat -->
        <test-method signature="dog()[pri:3, instance:jbK_15_Oct_2024.Grouping@1cbbffcd]" started-at="2024-11-24T11:52:56 IST" name="dog" finished-at="2024-11-24T11:52:56 IST" duration-ms="35" status="PASS">
          <reporter-output>
          </reporter-output>
        </test-method> <!-- dog -->
        <test-method signature="elephent()[pri:3, instance:jbK_15_Oct_2024.Grouping@1cbbffcd]" started-at="2024-11-24T11:52:56 IST" name="elephent" finished-at="2024-11-24T11:52:56 IST" duration-ms="42" status="PASS">
          <reporter-output>
          </reporter-output>
        </test-method> <!-- elephent -->
        <test-method signature="monkey()[pri:3, instance:jbK_15_Oct_2024.Grouping@1cbbffcd]" started-at="2024-11-24T11:52:56 IST" name="monkey" finished-at="2024-11-24T11:52:56 IST" duration-ms="35" status="PASS">
          <reporter-output>
          </reporter-output>
        </test-method> <!-- monkey -->
      </class> <!-- jbK_15_Oct_2024.Grouping -->
      <class name="jbK_15_Oct_2024.Parameter_Demo">
        <test-method is-config="true" signature="setup()[pri:0, instance:jbK_15_Oct_2024.Parameter_Demo@1ea9f6af]" started-at="2024-11-24T11:52:56 IST" name="setup" finished-at="2024-11-24T11:52:56 IST" duration-ms="6" status="PASS">
          <reporter-output>
          </reporter-output>
        </test-method> <!-- setup -->
        <test-method signature="show()[pri:0, instance:jbK_15_Oct_2024.Parameter_Demo@1ea9f6af]" started-at="2024-11-24T11:52:56 IST" name="show" finished-at="2024-11-24T11:52:56 IST" duration-ms="12" status="PASS">
          <reporter-output>
          </reporter-output>
        </test-method> <!-- show -->
        <test-method is-config="true" signature="tearDown()[pri:0, instance:jbK_15_Oct_2024.Parameter_Demo@1ea9f6af]" started-at="2024-11-24T11:52:56 IST" name="tearDown" finished-at="2024-11-24T11:52:56 IST" duration-ms="2" status="PASS">
          <reporter-output>
          </reporter-output>
        </test-method> <!-- tearDown -->
      </class> <!-- jbK_15_Oct_2024.Parameter_Demo -->
    </test> <!-- Default test -->
  </suite> <!-- Default suite -->
</testng-results>
