<?xml version="1.0" encoding="UTF-8"?>
<!-- Generated by org.testng.reporters.JUnitXMLReporter -->
<testsuite ignored="0" hostname="MSI" failures="0" tests="7" name="Default test" time="1.217" errors="0" timestamp="2024-11-24T11:52:57 IST">
  <testcase classname="jbK_15_Oct_2024.Grouping" name="display" time="0.127"/>
  <testcase classname="jbK_15_Oct_2024.Grouping" name="show" time="0.105"/>
  <testcase classname="jbK_15_Oct_2024.Grouping" name="cat" time="0.076"/>
  <testcase classname="jbK_15_Oct_2024.Grouping" name="dog" time="0.035"/>
  <testcase classname="jbK_15_Oct_2024.Grouping" name="elephent" time="0.042"/>
  <testcase classname="jbK_15_Oct_2024.Grouping" name="monkey" time="0.035"/>
  <testcase classname="jbK_15_Oct_2024.Parameter_Demo" name="show" time="0.012"/>
</testsuite> <!-- Default test -->
